test-1 394 145 160.49922118191103
test-10 394 145 160.49922118191103
test-100 415 184 165.98795136997143
test-1000 387 413 164.74222288168872
test-1001 394 171 159.54936540143305
test-1002 396 161 161.5085137074823
test-1003 405 414 165.0787690770682
test-1004 398 362 176.32073048850495
test-1005 410 432 157.7498019016189
test-1006 402 159 166.95807857064
test-1007 390 422 172.1772342674838
test-1008 406 478 148.87914561818255
test-1009 384 152 175.0
test-101 402 448 164.39890510584308
test-1010 398 434 171.40595088852663
test-1011 391 147 176.56443583009576
test-1012 399 150 169.33989488599548
test-1013 400 162 158.74507866387543
test-1014 405 147 172.71074083565273
test-1015 404 474 150.0
test-1016 388 446 169.82638193166574
test-1017 406 158 152.68267747193852
test-1018 396 152 156.55989269286053
test-1019 392 124 157.54364474646383
test-102 401 449 177.9297614228716
test-1020 383 149 177.08754896942924
test-1021 403 451 172.44129435839898
test-1022 408 462 156.59821199490113
test-1023 403 467 139.71041478715895
test-1024 388 185 167.56192885020153
test-1025 394 443 162.24980739587951
test-1026 404 480 138.2931668593933
test-1027 402 167 166.87720036002523
test-1028 421 133 141.9859147943908
test-1029 396 435 162.0401184892186
test-103 408 380 168.62680688431482
test-1030 404 425 170.91810904640855
test-1031 399 170 170.59894489708898
test-1032 381 456 160.92234151913152
test-1033 393 459 168.5704600456438
test-1034 395 151 158.74507866387543
test-1035 406 468 159.79987484350542
test-1036 392 154 155.72090418437725
test-1037 393 445 150.47923444781344
test-1038 396 435 150.0399946680884
test-1039 387 453 144.65476141489432
test-104 400 159 156.81836627130127
test-1040 389 124 152.11837495845134
test-1041 396 142 155.61169621850408
test-1042 423 119 158.86786962756187
test-1043 402 456 163.0950643030009
test-1044 388 468 166.66433331699977
test-1045 397 429 164.09753197412812
test-1046 395 134 152.97058540778355
test-1047 405 152 157.60710643876436
test-1048 387 126 139.1402170474087
test-1049 405 171 166.4181480488231
test-105 396 456 163.31258371601376
test-1050 397 430 161.52708751166165
test-1051 392 474 139.97142565538152
test-1052 397 462 158.86786962756187
test-1053 410 473 129.6148139681572
test-1054 411 127 153.0
test-1055 416 149 144.2497833620557
test-1056 409 123 162.75134408047143
test-1057 400 157 147.94593607125543
test-1058 393 455 146.08216865860118
test-1059 404 463 156.46085772486356
test-106 393 154 164.2224101637776
test-1060 415 177 151.10592311355634
test-1061 405 466 146.7140075112121
test-1062 421 130 145.42008114424914
test-1063 393 127 136.2827942184926
test-1064 396 468 151.5255753990065
test-1065 388 459 132.64991519032344
test-1066 396 169 150.77466630704245
test-1067 394 172 175.2683656567836
test-1068 385 121 159.2953232207399
test-1069 400 465 171.89240820932145
test-107 400 419 174.28425057933376
test-1070 400 147 154.41178711484432
test-1071 371 124 147.21412975662358
test-1072 398 127 152.44671200127604
test-1073 386 414 165.1211676315305
test-1074 402 455 149.96999699939985
test-1075 387 472 159.79987484350542
test-1076 387 131 159.7717121395399
test-1077 399 175 168.6979549372191
test-1078 396 125 149.4356048604214
test-1079 388 161 154.66091943344964
test-108 394 446 141.9859147943908
test-1080 396 470 158.94967757123635
test-1081 399 129 141.96830632222108
test-1082 405 164 166.47822680458847
test-1083 411 433 162.3329911016242
test-1084 404 485 138.9100428334827
test-1085 396 471 154.88382743204662
test-1086 409 484 142.64992113562488
test-1087 399 158 157.48015748023622
test-1088 383 271 160.85707942145413
test-1089 398 151 159.79987484350542
test-109 395 453 150.63864046120437
test-1090 382 468 180.82311799103564
test-1091 408 434 170.9473603189005
test-1092 399 130 157.87336697492708
test-1093 406 170 167.5708805252273
test-1094 399 393 168.3330033000065
test-1095 402 192 171.25419702886117
test-1096 390 146 149.08051515875573
test-1097 414 472 157.0
test-1098 402 467 146.23269128344728
test-1099 382 448 149.23806484942105
test-11 399 446 150.63864046120437
test-110 400 174 157.48015748023622
test-1100 415 161 153.07841127997116
test-1101 414 466 152.03617990465295
test-1102 415 474 163.00920219423196
test-1103 396 469 162.98772959950082
test-1104 404 152 152.88884851420656
test-1105 394 141 158.18975946628152
test-1106 403 462 141.742724681022
test-1107 389 447 150.96688378581575
test-1108 415 474 143.48170615099335
test-1109 395 152 164.39282222773596
test-111 384 449 174.27277469530347
test-1110 403 146 158.74507866387543
test-1111 401 413 178.86307612249098
test-1112 394 467 160.92234151913152
test-1113 386 144 160.47429700734008
test-1114 392 464 158.38244852255568
test-1115 399 140 158.74507866387543
test-1116 412 435 155.161206491829
test-1117 401 437 155.96473960482223
test-1118 397 446 166.85322891691368
test-1119 403 181 160.14680764848234
test-112 404 124 154.9967741599805
test-1120 405 128 151.9374871452072
test-1121 408 148 152.44999180059014
test-1122 391 421 170.64583206161234
test-1123 408 448 160.63312236273066
test-1124 397 131 150.14992507490638
test-1125 400 448 166.97305171793442
test-1126 389 130 141.91194452899305
test-1127 392 145 159.56190021430555
test-1128 409 427 162.2621335986927
test-1129 387 169 162.5792114632126
test-113 399 476 141.9859147943908
test-1130 414 455 145.42008114424914
test-1131 405 145 140.23195071024293
test-1132 391 460 163.0950643030009
test-1133 401 396 171.56631370988887
test-1134 390 146 158.99685531481433
test-1135 402 438 160.8477541030648
test-1136 400 409 173.51368822084325
test-1137 401 172 166.80527569594435
test-1138 393 462 157.46428166412852
test-1139 409 437 164.95150802584376
test-114 399 157 152.2333734763833
test-1140 408 127 135.5544171172596
test-1141 413 125 148.91608375189028
test-1142 402 179 171.46428199482247
test-1143 405 128 151.9374871452072
test-1144 404 444 173.20219398148512
test-1145 399 155 171.69740825067802
test-1146 407 125 149.96999699939985
test-1147 397 438 161.39392801465613
test-1148 387 474 130.98473193468007
test-1149 389 462 140.48843368761715
test-115 396 155 157.1623364550171
test-1150 391 132 154.9967741599805
test-1151 405 463 160.9720472628711
test-1152 399 470 159.75293424535275
test-1153 390 477 149.9466571818125
test-1154 391 150 162.3329911016242
test-1155 389 473 162.23439832538597
test-1156 400 478 151.98684153570665
test-1157 384 156 162.9969324864735
test-1158 413 142 156.07690412101337
test-1159 386 418 155.74016822900893
test-116 415 471 156.97133496278866
test-1160 411 168 161.92282112166896
test-1161 406 458 166.1324772583615
test-1162 393 164 161.86105152259452
test-1163 394 121 156.9968152543229
test-1164 383 431 166.85322891691368
test-1165 403 180 174.0689518552921
test-1166 390 462 161.35364885864837
test-1167 410 138 162.0401184892186
test-1168 404 414 169.82343772283025
test-1169 396 165 170.41126723312635
test-117 400 480 153.94804318340653
test-1170 401 153 157.9493589730582
test-1171 386 466 142.67095009146047
test-1172 390 183 167.5708805252273
test-1173 408 421 169.9264546796643
test-1174 412 297 165.91564121564912
test-1175 415 151 148.51599240485854
test-1176 392 443 145.52319402761884
test-1177 391 440 156.37455035906578
test-1178 408 181 167.9374883699289
test-1179 401 417 168.53782958137322
test-118 402 458 161.88885075878449
test-1180 391 467 132.07573584879245
test-1181 408 426 165.33602148352307
test-1182 403 151 153.49267083479916
test-1183 399 467 158.9842759520576
test-1184 402 185 165.97590186530093
test-1185 401 427 168.31220989577673
test-1186 399 423 158.9842759520576
test-1187 403 432 170.19988249114627
test-1188 394 438 167.37980762326143
test-1189 398 436 160.0624877977348
test-119 408 460 138.87044321957066
test-1190 397 453 156.9681496355232
test-1191 396 178 171.59545448525145
test-1192 402 419 174.24121211699602
test-1193 396 149 154.98709623707387
test-1194 388 161 151.86836405255704
test-1195 396 165 163.6459593146131
test-1196 396 438 165.45694303957148
test-1197 389 461 159.73415414368964
test-1198 403 147 157.70542159355207
test-1199 391 177 177.82856913330883
test-12 413 444 149.17439458566608
test-120 396 182 169.57594168985176
test-1200 403 458 150.0133327407934
test-1201 416 143 165.924681708298
test-1202 412 175 164.92422502470643
test-1203 397 164 168.96153408394468
test-1204 407 126 153.3623161014465
test-1205 412 155 163.41052597675585
test-1206 404 157 159.29846201391902
test-1207 399 429 155.6920036482285
test-1208 393 127 162.00308639035245
test-1209 406 192 169.60837243485358
test-121 397 160 157.97151641989134
test-1210 396 439 157.3276835143771
test-1211 414 177 157.02229141112417
test-1212 389 447 155.53777676178865
test-1213 414 468 169.18333251239616
test-1214 403 162 159.64961634780084
test-1215 395 396 171.32717239247253
test-1216 414 122 141.96830632222108
test-1217 401 156 147.27864746798838
test-1218 393 125 156.9968152543229
test-1219 398 151 167.1855256892773
test-122 419 180 164.25589791541734
test-1220 402 446 151.74979406905302
test-1221 401 202 182.67731112538306
test-1222 401 433 176.59275183313724
test-1223 406 156 145.7669372663088
test-1224 397 457 170.1293625450939
test-1225 391 463 166.80827317612278
test-1226 396 458 164.730082255792
test-1227 400 173 154.11359446849588
test-1228 396 443 153.07841127997116
test-1229 393 426 164.5326715275723
test-123 394 146 149.17439458566608
test-1230 394 442 148.14857407346182
test-1231 408 138 148.6640507991088
test-1232 388 439 156.28179676469043
test-1233 406 406 170.66048165876012
test-1234 402 151 164.46276174259023
test-1235 385 151 153.26773959317075
test-1236 402 143 168.40130640823426
test-1237 412 134 143.47473645210155
test-1238 403 455 170.34083479894068
test-1239 401 458 158.18027689949213
test-124 403 424 163.78949905290023
test-1240 390 158 157.58172482873766
test-1241 386 142 153.466608746007
test-1242 384 470 151.7333186877556
test-1243 399 480 142.7760484114895
test-1244 387 138 164.6663292844047
test-1245 407 159 168.5704600456438
test-1246 393 120 162.9509128541476
test-1247 395 170 161.9104690870853
test-1248 401 470 144.72042012100434
test-1249 396 447 163.50229356189473
test-125 395 144 152.97058540778355
test-1250 402 481 154.91933384829667
test-1251 401 459 152.73506473629428
test-1252 405 479 153.53175567289003
test-1253 397 421 171.46428199482247
test-1254 403 140 159.29846201391902
test-1255 402 460 154.36644713149292
test-1256 415 141 138.96402412135308
test-1257 400 469 163.783393541592
test-1258 401 164 159.34867429633672
test-1259 386 478 134.94072772888103
test-126 411 469 149.78651474682226
test-1260 405 435 163.783393541592
test-1261 406 433 158.97484077677197
test-1262 391 147 157.9493589730582
test-1263 396 180 157.97151641989134
test-1264 406 125 153.60664048145836
test-1265 403 478 148.87914561818255
test-1266 394 474 126.80693987317886
test-1267 420 162 146.01369798755184
test-1268 395 117 146.83323874382123
test-1269 402 464 144.49913494550754
test-127 402 483 140.96808149364875
test-1270 397 130 148.59340496805368
test-1271 387 143 145.73949361789343
test-1272 392 463 148.94629904767692
test-1273 405 431 152.9182788289222
test-1274 407 473 156.182585456894
test-1275 399 402 179.25122035846786
test-1276 409 466 161.55494421403512
test-1277 405 438 160.0781059358212
test-1278 396 148 163.65818036383027
test-1279 405 141 164.6329250180534
test-128 400 127 133.02631318652712
test-1280 386 127 155.84607791022526
test-1281 398 455 159.29846201391902
test-1282 397 455 138.3473888441701
test-1283 399 127 150.93044755780724
test-1284 402 464 162.93863875704866
test-1285 395 468 163.52675622050356
test-1286 395 456 171.97383521919838
test-1287 403 482 144.77914214416384
test-1288 392 128 148.79180084937477
test-1289 390 446 165.79806995257815
test-129 392 453 151.98684153570665
test-1290 389 116 120.66482503198685
test-1291 416 464 170.70735192135106
test-1292 409 137 163.8505416530565
test-1293 409 170 155.96473960482223
test-1294 407 154 148.20593780277497
test-1295 409 476 155.9487095169434
test-1296 412 131 144.68241081762497
test-1297 400 121 158.94967757123635
test-1298 396 150 162.80356261458164
test-1299 397 126 154.06492138056606
test-13 411 420 165.81616326522575
test-130 404 137 152.44999180059014
test-1300 398 136 147.16996976285617
test-1301 401 468 151.35388994010032
test-1302 411 464 168.70388258721255
test-1303 400 460 159.99062472532572
test-1304 399 176 176.74557985986524
test-1305 403 166 160.32467059064865
test-1306 407 456 159.04716281656835
test-1307 422 461 152.26293048539424
test-1308 407 165 168.15171720800237
test-1309 392 472 154.9580588417395
test-131 398 453 167.31108749870702
test-1310 404 458 143.30038380967443
test-1311 401 458 149.17439458566608
test-1312 389 189 165.98795136997143
test-1313 402 162 156.9681496355232
test-1314 413 457 159.47100049852324
test-1315 390 439 160.68914089010497
test-1316 395 457 157.9493589730582
test-1317 409 479 154.6770829825802
test-1318 394 186 168.53782958137322
test-1319 397 446 157.71810295587505
test-132 408 175 147.94593607125543
test-1320 393 155 169.44615663980107
test-1321 381 148 137.61903938045782
test-1322 411 440 156.62375298785304
test-1323 406 170 166.6823325970692
test-1324 401 183 172.75705484870943
test-1325 389 441 161.2327510154187
test-1326 400 444 147.57032221961163
test-1327 401 480 131.5408681741154
test-1328 395 160 154.41178711484432
test-1329 407 146 174.85994395515516
test-133 392 126 160.74825037928096
test-1330 393 141 158.08858276295604
test-1331 404 449 150.0399946680884
test-1332 419 124 161.1055554597668
test-1333 408 438 162.43152403397562
test-1334 406 450 162.04937519163718
test-1335 396 164 159.62455951387932
test-1336 401 140 157.46428166412852
test-1337 388 482 149.87995196156155
test-1338 402 478 152.79070652366264
test-1339 393 459 138.4160395329963
test-134 396 138 167.56192885020153
test-1340 382 138 154.06492138056606
test-1341 400 453 160.39950124610738
test-1342 401 451 169.50221237494216
test-1343 406 132 131.14495796636635
test-1344 405 184 170.01470524634038
test-1345 391 462 159.5650337636664
test-1346 408 144 157.23549217654391
test-1347 401 129 156.46085772486356
test-1348 402 184 150.99668870541498
test-1349 408 171 169.2128836702454
test-135 391 136 162.88953311984167
test-1350 428 467 153.45031769273078
test-1351 399 458 160.76069171286866
test-1352 409 227 151.74979406905302
test-1353 383 446 160.56462873248267
test-1354 406 447 161.458973117012
test-1355 382 464 162.64993083306246
test-1356 398 151 159.02515524281057
test-1357 400 450 150.78461459976612
test-1358 386 155 152.9411651583706
test-1359 398 444 134.8814294111684
test-136 404 151 161.66632302368976
test-1360 397 124 157.08278072405008
test-1361 399 162 159.62455951387932
test-1362 395 143 158.61904047118682
test-1363 396 458 150.98675438593943
test-1364 414 174 153.53175567289003
test-1365 402 440 159.02515524281057
test-1366 404 425 172.15400082484288
test-1367 408 156 164.56305782282973
test-1368 406 121 131.1678314221898
test-1369 401 163 172.18594600024707
test-137 404 436 159.74980438172688
test-1370 402 138 151.5486720496092
test-1371 406 461 155.95191566633608
test-1372 396 452 150.77466630704245
test-1373 386 165 150.63864046120437
test-1374 390 419 162.13882940245992
test-1375 401 170 157.7498019016189
test-1376 402 149 168.6920270789346
test-1377 394 162 166.66133324799728
test-1378 403 161 160.72647572817615
test-1379 396 150 157.17824276915684
test-138 396 120 143.71847480404182
test-1380 406 467 155.72090418437725
test-1381 396 473 146.23269128344728
test-1382 404 175 151.30102445125743
test-1383 387 467 147.9155164274526
test-1384 402 465 156.79604586851033
test-1385 398 156 158.26559954709046
test-1386 404 178 177.2455923288362
test-1387 392 139 169.01183390520322
test-1388 386 476 138.8236291126262
test-1389 389 455 172.1946572922633
test-139 402 466 149.66629547095766
test-1390 406 465 126.43179979736111
test-1391 394 455 145.18608748774795
test-1392 389 164 157.14961024450554
test-1393 399 157 150.2497920131672
test-1394 399 442 162.8987415543779
test-1395 405 448 142.74102423620198
test-1396 387 478 150.7315494513342
test-1397 390 179 165.0
test-1398 390 473 160.88815991240622
test-1399 409 172 168.804620789835
test-14 395 444 158.01582199260935
test-140 396 164 175.6587601003719
test-1400 392 139 155.98717896032352
test-1401 419 489 109.54451150103323
test-1402 404 149 160.88815991240622
test-1403 396 224 178.59731240978965
test-1404 391 137 146.88771221582832
test-1405 395 454 154.71263684650972
test-1406 397 169 150.98675438593943
test-1407 398 424 171.44386836512993
test-1408 401 140 161.5085137074823
test-1409 398 135 157.98734126505198
test-141 415 150 154.38588018338982
test-1410 417 462 162.9723902997069
test-1411 388 123 136.4734406395618
test-1412 395 174 166.6823325970692
test-1413 398 467 159.79987484350542
test-1414 410 447 151.7893276880822
test-1415 396 424 162.9018109168833
test-1416 411 143 163.0950643030009
test-1417 369 136 151.68717810019407
test-1418 401 412 165.54455593585675
test-1419 402 147 121.0
test-142 394 119 141.71450172794596
test-1420 402 460 155.84607791022526
test-1421 410 456 156.92354826475216
test-1422 416 456 158.18027689949213
test-1423 397 154 155.91023058157538
test-1424 386 137 162.5576820700886
test-1425 389 147 170.98830369355676
test-1426 406 153 159.62455951387932
test-1427 394 129 153.466608746007
test-1428 398 429 161.36914203155447
test-1429 422 150 169.86759549719895
test-143 424 464 152.35813073151036
test-1430 398 177 163.52675622050356
test-1431 407 158 164.43843832875572
test-1432 387 146 161.8672295432278
test-1433 400 163 163.44723919356974
test-1434 395 474 134.31306712304652
test-1435 405 434 161.57970169547906
test-1436 398 418 171.86040847152668
test-1437 404 444 159.20113064925135
test-1438 396 467 155.45095689637938
test-1439 399 157 158.97484077677197
test-144 397 118 153.97077644800004
test-1440 384 479 143.77760604489143
test-1441 399 427 178.1684596105607
test-1442 408 160 162.3822650414755
test-1443 404 290 163.4839441657804
test-1444 398 158 152.57784898208521
test-1445 401 471 150.5423528446397
test-1446 392 173 167.84218778364396
test-1447 404 136 157.75931034332015
test-1448 402 180 148.59340496805368
test-1449 401 146 157.8860348479244
test-145 407 137 166.02710622064097
test-1450 409 477 141.9859147943908
test-1451 398 420 164.08534364774937
test-1452 390 130 152.88230767489088
test-1453 396 466 157.97151641989134
test-1454 403 452 163.8505416530565
test-1455 398 175 141.91194452899305
test-1456 404 160 159.62455951387932
test-1457 411 147 159.56190021430555
test-1458 395 400 167.8541033159452
test-1459 395 136 159.9874995116806
test-146 400 142 154.8321672004884
test-1460 402 142 165.924681708298
test-1461 413 448 168.81943016134133
test-1462 410 455 164.52355454463049
test-1463 405 166 163.6459593146131
test-1464 386 130 154.36644713149292
test-1465 395 139 160.39950124610738
test-1466 386 192 165.81616326522575
test-1467 405 145 152.7088733505686
test-1468 402 476 142.31303524273522
test-1469 400 474 156.79604586851033
test-147 405 414 174.19816302131318
test-1470 397 449 168.99704139422087
test-1471 409 133 165.98795136997143
test-1472 385 148 150.52242357868147
test-1473 406 462 149.74979131871936
test-1474 392 450 150.02999700059985
test-1475 397 437 161.66632302368976
test-1476 401 128 159.87495113369073
test-1477 396 416 169.57299313275095
test-1478 395 441 172.04650534085255
test-1479 406 162 141.16656828017037
test-148 401 473 150.14992507490638
test-1480 402 415 163.21764610482532
test-1481 383 459 150.02999700059985
test-1482 399 149 163.00920219423196
test-1483 385 447 163.15636671610457
test-1484 395 157 162.61918705983007
test-1485 410 442 147.0
test-1486 395 170 171.1139970896595
test-1487 406 154 147.9019945774904
test-1488 422 472 149.9866660740214
test-1489 401 178 170.41420128616042
test-149 398 144 157.55633912984905
test-1490 400 145 151.4463601411404
test-1491 396 182 161.9876538505327
test-1492 394 128 163.31258371601376
test-1493 402 162 159.1979899370592
test-1494 407 427 162.9509128541476
test-1495 406 451 153.43076614551595
test-1496 398 199 165.81616326522575
test-1497 392 409 146.50938536489735
test-1498 403 419 166.2558269655533
test-1499 394 177 154.2886904474855
test-15 406 471 134.04103849194843
test-150 395 480 155.9967948388684
test-1500 394 448 144.59944674859582
test-1501 400 467 156.94903631433993
test-1502 407 424 162.0401184892186
test-1503 406 468 146.64583185348297
test-1504 395 143 149.66629547095766
test-1505 398 461 155.4991961394013
test-1506 404 163 172.98843892006195
test-1507 390 470 161.55494421403512
test-1508 409 184 162.48076809271922
test-1509 399 432 168.98520645310938
test-151 411 439 152.68267747193852
test-1510 406 448 161.91355718407277
test-1511 409 124 132.03408650799233
test-1512 405 166 161.2327510154187
test-1513 402 451 165.12722367919832
test-1514 383 171 155.2063143045411
test-1515 400 161 163.43806166251483
test-1516 401 423 172.33687939614086
test-1517 401 176 166.520269036535
test-1518 414 126 157.86069808536894
test-1519 398 162 160.59887919907786
test-152 383 134 163.24521432495348
test-1520 399 152 154.29841217588728
test-1521 401 141 163.29115101560157
test-1522 403 418 176.0908856244411
test-1523 394 145 165.80711685570074
test-1524 390 148 147.9155164274526
test-1525 397 459 154.06492138056606
test-1526 398 214 173.91089672588086
test-1527 398 445 155.53777676178865
test-1528 419 140 145.4922678357857
test-1529 394 477 143.77760604489143
test-153 410 195 166.78129391511507
test-1530 399 446 166.6373307515456
test-1531 397 433 161.43419712068444
test-1532 393 123 166.97305171793442
test-1533 395 474 164.75436261295178
test-1534 400 476 160.88815991240622
test-1535 405 445 165.924681708298
test-1536 404 401 173.80448785920345
test-1537 403 424 168.56156145456177
test-1538 400 432 173.73543104387198
test-1539 412 442 159.1979899370592
test-154 383 123 148.9966442575134
test-1540 397 427 167.9166459884189
test-1541 395 415 164.41411131651688
test-1542 411 469 132.93983601614678
test-1543 396 150 158.38244852255568
test-1544 390 442 164.39890510584308
test-1545 394 436 153.27426398453198
test-1546 402 161 160.32467059064865
test-1547 406 453 168.5734261382855
test-1548 387 473 150.99668870541498
test-1549 401 144 156.07690412101337
test-155 399 139 157.98734126505198
test-1550 398 462 150.52242357868147
test-1551 402 138 151.2613632095123
test-1552 402 135 149.53260514014994
test-1553 391 138 155.9711511786715
test-1554 387 474 142.828568570857
test-1555 398 464 160.98757716047533
test-1556 406 132 161.88885075878449
test-1557 398 444 161.04347239177378
test-1558 396 447 153.54152532784087
test-1559 404 162 160.33402633252868
test-156 399 440 151.15554902152948
test-1560 414 461 152.16109883935513
test-1561 389 476 149.0
test-1562 391 439 162.9969324864735
test-1563 399 454 151.95723082499234
test-1564 398 435 168.16658407662325
test-1565 392 421 168.40130640823426
test-1566 397 446 150.09330431434975
test-1567 408 193 169.3635143707168
test-1568 398 155 151.55197128378106
test-1569 404 425 169.57299313275095
test-157 395 178 167.5708805252273
test-1570 404 161 154.88382743204662
test-1571 398 442 143.4015341619468
test-1572 407 165 160.85707942145413
test-1573 398 162 158.97169559390125
test-1574 393 459 154.9967741599805
test-1575 415 449 163.56038640208698
test-1576 402 440 155.12575543732254
test-1577 401 438 143.8054240979804
test-1578 398 471 149.14422550001726
test-1579 395 446 158.71987903221196
test-158 403 431 169.9264546796643
test-1580 381 404 160.3589723090043
test-1581 404 167 168.41318238190263
test-1582 400 124 138.39075113604954
test-1583 398 154 161.57970169547906
test-1584 409 457 150.5988047761336
test-1585 367 129 146.76171162806736
test-1586 402 455 164.25589791541734
test-1587 383 437 159.48981158682207
test-1588 402 178 173.20508075688772
test-1589 395 171 158.19292019556374
test-159 383 441 157.1623364550171
test-1590 407 147 163.95121225535357
test-1591 396 483 148.0
test-1592 406 423 167.56192885020153
test-1593 399 414 168.14279645586961
test-1594 397 442 156.07690412101337
test-1595 407 409 159.62455951387932
test-1596 402 426 169.7056274847714
test-1597 391 188 170.8127629891865
test-1598 405 146 144.33294842134973
test-1599 398 179 169.7056274847714
test-16 410 441 168.5704600456438
test-160 410 133 156.97133496278866
test-1600 405 120 145.99657530229948
test-1601 395 162 163.90546055577283
test-1602 404 461 161.95060975494968
test-1603 402 159 154.07465722824114
test-1604 389 143 134.77759457714032
test-1605 394 478 153.97077644800004
test-1606 400 420 171.44386836512993
test-1607 406 167 159.37377450509229
test-1608 403 416 170.05587317114336
test-1609 403 130 154.8386256720202
test-161 400 464 155.2771715352904
test-1610 388 409 163.68567438844488
test-1611 395 162 156.16657773031974
test-1612 402 441 163.40134638368193
test-1613 388 123 163.97255867979862
test-1614 391 457 143.47125147568764
test-1615 402 143 139.21206844235883
test-1616 400 438 172.21788525005178
test-1617 385 455 165.22711641858305
test-1618 383 163 171.58088471621772
test-1619 397 138 167.63949415337663
test-162 393 119 150.5988047761336
test-1620 390 451 156.33297796690243
test-1621 392 143 163.31258371601376
test-1622 399 138 129.53377937819926
test-1623 417 453 163.90240998838303
test-1624 412 150 165.266451526013
test-1625 401 469 159.54936540143305
test-1626 406 447 167.98809481626964
test-1627 399 171 154.29517166781338
test-1628 405 120 144.11453778158537
test-1629 409 464 152.16109883935513
test-163 400 152 157.23549217654391
test-1630 405 447 159.5650337636664
test-1631 405 130 162.628410802049
test-1632 393 191 163.98780442459739
test-1633 386 454 154.79341071247185
test-1634 396 156 161.66632302368976
test-1635 401 162 153.04901175767193
test-1636 403 479 134.81839637082174
test-1637 404 177 166.35804759614126
test-1638 377 126 160.21235907382427
test-1639 396 179 170.41126723312635
test-164 404 445 155.67915724335097
test-1640 410 480 148.87914561818255
test-1641 419 458 137.56453031214116
test-1642 393 138 154.71263684650972
test-1643 397 438 159.1979899370592
test-1644 399 181 166.23176591734807
test-1645 382 130 140.6947049465615
test-1646 407 142 146.76171162806736
test-1647 407 159 163.41052597675585
test-1648 391 466 174.98857105536922
test-1649 398 470 136.23509092741122
test-165 401 464 157.98734126505198
test-1650 403 429 171.91567700474556
test-1651 397 458 155.9711511786715
test-1652 403 143 170.8127629891865
test-1653 396 174 162.78513445643617
test-1654 409 431 155.19987113396712
test-1655 397 127 150.7315494513342
test-1656 404 176 157.30543537970962
test-1657 392 131 150.42273764295078
test-1658 406 482 139.9428454762872
test-1659 399 464 151.4463601411404
test-166 387 456 161.0248428038357
test-1660 396 431 163.1716887208072
test-1661 402 170 159.04716281656835
test-1662 401 151 156.98407562552325
test-1663 399 125 160.92234151913152
test-1664 398 445 172.7657373439537
test-167 400 168 166.5142636532979
test-168 400 473 156.9872606296447
test-169 400 154 155.4606059424702
test-17 395 442 157.86069808536894
test-170 400 136 150.34959261667456
test-171 412 172 170.88007490635061
test-172 398 436 160.21547990128795
test-173 400 189 163.88105442667862
test-174 395 170 163.65818036383027
test-175 403 175 155.26751108973184
test-176 390 467 159.88746042138513
test-177 408 183 164.99696966914271
test-178 403 134 164.53571040962507
test-179 414 154 152.73506473629428
test-18 406 137 136.99635031634966
test-180 415 174 155.1418705572419
test-181 394 436 162.21282316759056
test-182 406 119 149.9166435056495
test-183 390 436 157.75931034332015
test-184 392 437 156.92036196746426
test-185 413 153 167.16758058906038
test-186 409 454 153.64569632762255
test-187 387 166 138.65064009949612
test-188 399 161 169.42254867637897
test-189 401 174 157.48015748023622
test-19 409 155 133.2103599574748
test-190 398 153 161.36914203155447
test-191 385 454 158.36666315863323
test-192 403 174 154.66091943344964
test-193 384 468 145.99657530229948
test-194 401 159 162.9202258775748
test-195 402 474 151.94735930578062
test-196 400 153 145.8320952328396
test-197 399 409 180.51315741518678
test-198 407 115 126.93699224418388
test-199 388 143 145.0
test-2 402 144 159.7717121395399
test-20 399 170 167.78557744931476
test-200 406 404 172.04650534085255
test-201 393 457 171.98837169994954
test-202 396 127 149.08051515875573
test-203 401 438 162.628410802049
test-204 404 168 163.41052597675585
test-205 394 128 142.7760484114895
test-206 399 417 172.18594600024707
test-207 383 144 153.40143415235727
test-208 405 444 151.94735930578062
test-209 397 426 159.99062472532572
test-21 402 445 171.42928571279762
test-210 409 128 149.0
test-211 391 439 147.78362561528934
test-212 400 133 156.9681496355232
test-213 384 437 160.0593639872407
test-214 412 480 146.90132742763083
test-215 403 158 166.78129391511507
test-216 407 155 151.95723082499234
test-217 396 146 162.48076809271922
test-218 396 153 157.23549217654391
test-219 413 147 150.26975743641833
test-22 402 456 157.97151641989134
test-220 402 431 176.44545899512406
test-221 408 442 164.53571040962507
test-222 398 140 145.34441853748632
test-223 411 464 165.32090007013633
test-224 396 430 158.19292019556374
test-225 384 130 108.92658077806354
test-226 409 468 158.18027689949213
test-227 400 466 165.98795136997143
test-228 400 430 148.72457765951128
test-229 389 125 157.99683541134613
test-23 405 445 157.55316562989142
test-230 395 422 168.0
test-231 418 447 175.72421574728966
test-232 406 441 150.8476052179815
test-233 403 471 141.71450172794596
test-234 401 444 164.85144827995902
test-235 386 165 165.46600859391032
test-236 399 155 151.10592311355634
test-237 392 120 157.8448605435096
test-238 394 467 158.48028268526025
test-239 400 476 128.78276282173792
test-24 402 463 153.97077644800004
test-240 400 434 160.33402633252868
test-241 394 174 162.51769134466562
test-242 389 477 141.20552397126679
test-243 407 469 146.12665739008744
test-244 382 166 150.97019573412496
test-245 387 181 161.86105152259452
test-246 402 456 145.7669372663088
test-247 389 135 159.56190021430555
test-248 386 121 144.88616221019868
test-249 393 466 157.34992850332026
test-25 400 126 150.52242357868147
test-250 394 455 158.54652314068574
test-251 410 174 160.59887919907786
test-252 391 148 155.72090418437725
test-253 404 403 172.98843892006195
test-254 391 427 167.9374883699289
test-255 407 127 150.80782473068166
test-256 398 477 161.88885075878449
test-257 404 158 154.9967741599805
test-258 399 177 158.741928928686
test-259 402 478 151.88153278130952
test-26 404 150 143.61406616345073
test-260 405 467 150.77466630704245
test-261 403 168 160.0624877977348
test-262 388 439 151.04635050208927
test-263 400 145 152.27278154680172
test-264 387 181 168.9260193102294
test-265 391 195 154.0908822740658
test-266 401 467 151.97039185315012
test-267 392 464 140.97162835123953
test-268 394 117 147.99662158306182
test-269 404 125 152.88230767489088
test-27 402 469 151.9374871452072
test-270 389 465 152.16109883935513
test-271 403 179 170.02352778365704
test-272 401 450 161.47755261955143
test-273 396 176 168.1903683330291
test-274 393 465 153.98701243936125
test-275 400 465 148.52272553383875
test-276 398 476 157.797338380595
test-277 401 430 154.97096502248414
test-278 383 412 161.73744155265967
test-279 390 160 157.28636304524306
test-28 396 151 169.6349020691202
test-280 407 128 158.98742088605627
test-281 394 197 179.8332561013118
test-282 399 468 155.67915724335097
test-283 406 457 162.0401184892186
test-284 395 435 166.8292540293818
test-285 401 184 165.6743794314619
test-286 413 444 157.3117923106847
test-287 389 127 166.85322891691368
test-288 395 158 157.02229141112417
test-289 408 147 155.88457268119896
test-29 406 137 137.08391590555036
test-290 381 432 156.18898808814916
test-291 389 182 168.31220989577673
test-292 394 147 162.3822650414755
test-293 397 184 156.37455035906578
test-294 398 440 165.1211676315305
test-295 406 448 144.6236495183274
test-296 390 187 165.69852141766384
test-297 408 438 155.161206491829
test-298 401 454 159.2953232207399
test-299 398 181 167.1855256892773
test-3 395 146 155.4606059424702
test-30 395 193 162.48076809271922
test-300 394 424 170.17344093600505
test-301 409 431 156.14096195425466
test-302 416 474 145.89379698945393
test-303 414 135 163.1716887208072
test-304 400 425 172.44129435839898
test-305 392 474 152.35813073151036
test-306 406 449 161.41561262777526
test-307 409 168 161.80234856144702
test-308 384 139 145.657131648265
test-309 387 457 148.8052418431555
test-31 392 465 144.0416606402467
test-310 399 163 164.52355454463049
test-311 399 121 151.88153278130952
test-312 396 162 151.61464309228182
test-313 389 131 156.79604586851033
test-314 386 163 152.46966911487675
test-315 401 446 165.1211676315305
test-316 402 448 150.63864046120437
test-317 411 444 160.57708429287163
test-318 398 182 153.43076614551595
test-319 399 126 151.0
test-32 403 135 163.80476183554617
test-320 398 443 163.34013591276334
test-321 410 467 151.30102445125743
test-322 404 135 157.54364474646383
test-323 406 136 143.6523581428443
test-324 399 170 170.01470524634038
test-325 402 133 173.99712641305317
test-326 395 425 156.9681496355232
test-327 417 115 144.22205101855957
test-328 401 420 172.53115660656772
test-329 375 450 160.0593639872407
test-33 386 175 158.9842759520576
test-330 404 432 166.01204775557707
test-331 403 438 166.00903589865223
test-332 397 447 163.21764610482532
test-333 409 464 159.0943116519255
test-334 401 160 159.37377450509229
test-335 413 444 165.29972776747093
test-336 405 470 161.47755261955143
test-337 405 458 159.38318606427717
test-338 399 433 175.3396703544295
test-339 391 450 167.82431289893606
test-34 400 454 138.33293172632466
test-340 401 129 159.79987484350542
test-341 394 148 161.88885075878449
test-342 397 172 168.64459671154603
test-343 407 139 155.98717896032352
test-344 408 146 160.8477541030648
test-345 396 422 164.90906585145646
test-346 406 435 154.0908822740658
test-347 404 474 137.4772708486752
test-348 402 188 175.3396703544295
test-349 384 173 152.02302457193778
test-35 398 119 127.5264678409937
test-350 406 453 150.25644744901965
test-351 399 434 167.5708805252273
test-352 377 133 169.30741271426953
test-353 393 136 150.26975743641833
test-354 388 178 166.14451540752106
test-355 396 473 154.45387661046257
test-356 401 438 169.57299313275095
test-357 401 159 156.37455035906578
test-358 397 180 158.97169559390125
test-359 407 149 165.924681708298
test-36 409 438 156.51517498313063
test-360 393 128 161.30406070524077
test-361 406 180 162.81277591147446
test-362 405 469 153.94804318340653
test-363 402 181 173.20219398148512
test-364 393 464 175.0999714448863
test-365 401 434 171.50801730531433
test-366 403 475 147.42794850366738
test-367 392 432 177.44858410255068
test-368 395 411 170.1499338818561
test-369 389 417 168.02083204174417
test-37 407 466 131.5408681741154
test-370 408 137 147.78362561528934
test-371 378 123 162.48076809271922
test-372 422 452 170.04999264922066
test-373 392 135 148.91608375189028
test-374 391 118 155.74016822900893
test-375 413 464 149.20120642943877
test-376 398 168 167.14065932620943
test-377 385 154 158.50867484147358
test-378 392 440 160.14056325615942
test-379 399 458 172.5108692227826
test-38 391 435 157.55633912984905
test-380 393 140 163.56038640208698
test-381 400 435 157.64517119150844
test-382 410 411 160.85707942145413
test-383 413 449 149.0
test-384 387 469 170.7132097993591
test-385 395 155 172.91616465790582
test-386 388 439 165.50528692461762
test-387 425 131 173.65195075207188
test-388 405 449 162.64993083306246
test-389 408 201 162.37918585828666
test-39 394 392 179.52994179244865
test-390 400 143 155.17409577632472
test-391 419 168 162.30834852218786
test-392 406 132 162.93863875704866
test-393 414 149 155.1547614480458
test-394 389 149 142.21111067704942
test-395 391 432 162.00308639035245
test-396 399 473 145.89379698945393
test-397 395 178 172.5340546095176
test-398 400 481 135.81973347050862
test-399 414 155 159.02201105507376
test-4 405 458 162.21282316759056
test-40 407 145 160.63312236273066
test-400 410 408 163.22683602888344
test-401 401 442 161.36914203155447
test-402 393 404 175.0999714448863
test-403 390 448 155.19987113396712
test-404 410 156 156.37455035906578
test-405 390 137 154.58007633585902
test-406 388 157 164.53571040962507
test-407 411 457 153.67498169838836
test-408 388 139 154.51537140362444
test-409 403 174 171.2337583538947
test-41 398 151 160.22172137385118
test-410 413 450 157.70542159355207
test-411 386 421 162.3329911016242
test-412 398 449 157.71810295587505
test-413 406 470 140.43859868284076
test-414 401 447 169.30741271426953
test-415 389 131 155.74016822900893
test-416 403 165 168.84608375677536
test-417 389 143 149.7598076921842
test-418 402 435 159.29846201391902
test-419 395 455 155.45095689637938
test-42 411 158 159.78422950967345
test-420 404 191 176.2952069683121
test-421 394 153 158.80806024884254
test-422 405 155 157.48015748023622
test-423 400 166 160.23732399163436
test-424 405 163 165.0
test-425 387 456 159.38318606427717
test-426 394 160 155.91023058157538
test-427 415 440 161.2234474262351
test-428 396 419 174.47349368886955
test-429 394 482 131.62066707018317
test-43 400 450 154.29841217588728
test-430 390 476 154.8386256720202
test-431 398 153 159.68719422671313
test-432 386 139 169.01183390520322
test-433 394 147 152.31546211727817
test-434 403 409 170.76592165886026
test-435 404 465 159.89996873045348
test-436 409 468 137.706209010342
test-437 403 156 160.32467059064865
test-438 394 136 150.78461459976612
test-439 407 144 150.26975743641833
test-44 396 444 156.66524822052912
test-440 419 476 141.7321417322126
test-441 404 178 163.44723919356974
test-442 394 445 146.5332726721136
test-443 407 168 158.02847844613325
test-444 395 133 158.84583721331825
test-445 408 480 151.60145118038943
test-446 404 402 175.45654732725137
test-447 399 128 152.79070652366264
test-448 403 455 152.6728528586533
test-449 396 160 171.25711664044798
test-45 378 145 153.70426148939399
test-450 400 473 156.9968152543229
test-451 385 116 138.8236291126262
test-452 390 421 167.52014804195943
test-453 413 161 160.0781059358212
test-454 405 470 158.38244852255568
test-455 425 470 144.49913494550754
test-456 403 152 160.59887919907786
test-457 414 128 148.72793954062564
test-458 403 424 164.8999696785903
test-459 394 437 156.12494995995996
test-46 414 423 163.9237627679404
test-460 393 476 142.87407042567241
test-461 396 476 155.9487095169434
test-462 389 459 147.770091696527
test-463 389 127 156.31698564135633
test-464 406 409 175.54486605993353
test-465 400 413 175.71283390805579
test-466 399 435 163.65818036383027
test-467 410 477 160.8477541030648
test-468 399 144 157.28636304524306
test-469 402 130 151.99671049072083
test-47 397 420 174.34735443934903
test-470 396 188 162.48076809271922
test-471 397 143 156.37455035906578
test-472 403 455 153.42750731208534
test-473 397 473 155.53777676178865
test-474 381 130 154.71263684650972
test-475 392 157 154.91933384829667
test-476 404 483 144.9137674618944
test-477 389 139 165.56569693025182
test-478 401 427 152.0690632574555
test-479 395 477 132.45754036671525
test-48 405 156 156.72906558772053
test-480 402 476 154.91933384829667
test-481 404 426 157.48015748023622
test-482 399 127 149.79986648859204
test-483 397 427 167.06585527868944
test-484 393 464 161.07141273360708
test-485 399 145 165.0
test-486 389 150 155.84607791022526
test-487 399 119 148.9966442575134
test-488 401 152 167.5708805252273
test-489 395 127 146.78215150351218
test-49 400 137 141.2975583653164
test-490 387 136 147.96959147068023
test-491 404 169 171.56631370988887
test-492 402 177 165.40858502508266
test-493 418 468 134.6291201783626
test-494 404 154 146.15060725156087
test-495 368 170 161.07141273360708
test-496 409 125 134.81839637082174
test-497 397 408 175.2683656567836
test-498 396 164 166.388100536066
test-499 404 177 172.16271373325876
test-5 397 475 149.9466571818125
test-50 399 464 160.21547990128795
test-500 401 166 169.81166037701888
test-501 391 142 164.92422502470643
test-502 386 139 142.772546380598
test-503 421 138 159.1979899370592
test-504 399 425 170.1293625450939
test-505 415 437 155.9134375222354
test-506 404 440 162.5699849295681
test-507 388 138 168.54672942540296
test-508 390 436 168.40130640823426
test-509 389 441 154.72556349873153
test-51 398 426 160.47429700734008
test-510 396 141 131.99621206686197
test-511 394 152 142.52368224263643
test-512 387 129 166.55329477377504
test-513 394 170 154.06492138056606
test-514 402 145 143.0
test-515 410 148 143.90621946253748
test-516 389 140 152.94443435444128
test-517 411 449 166.77229985821987
test-518 391 164 158.29087149927503
test-519 407 438 160.53971471259067
test-52 403 473 153.97077644800004
test-520 402 163 158.54652314068574
test-521 398 174 173.08957218735046
test-522 416 464 163.29115101560157
test-523 394 463 144.30869689661813
test-524 393 425 170.02058698875263
test-525 399 122 149.8365776437783
test-526 409 424 164.92422502470643
test-527 396 431 164.27111736394806
test-528 412 472 156.46085772486356
test-529 398 448 152.0690632574555
test-53 386 152 151.10592311355634
test-530 409 134 146.9693845669907
test-531 403 160 153.28078809818274
test-532 396 165 169.7615975419647
test-533 402 445 174.77127910500627
test-534 406 135 159.7717121395399
test-535 398 117 146.94556815365343
test-536 398 459 152.88230767489088
test-537 407 167 158.9842759520576
test-538 390 158 160.85707942145413
test-539 404 166 168.28844285927659
test-54 387 471 154.06492138056606
test-540 407 479 138.94243412291294
test-541 385 437 144.83093592185338
test-542 401 163 158.67892109539943
test-543 392 139 174.72263734273244
test-544 406 129 143.16424134538624
test-545 393 474 137.2880184138441
test-546 411 463 141.99647882958226
test-547 396 455 164.43843832875572
test-548 399 134 144.17697458332242
test-549 408 473 138.94243412291294
test-55 409 471 144.0
test-550 387 128 158.99685531481433
test-551 402 133 147.17336715588183
test-552 402 116 143.87494569938158
test-553 386 170 162.58228685807074
test-554 386 447 146.88771221582832
test-555 412 469 160.92234151913152
test-556 400 440 173.70377082838473
test-557 390 177 154.63505424062166
test-558 399 464 163.98780442459739
test-559 409 170 160.99689437998487
test-56 402 465 146.98639392814562
test-560 393 123 155.67915724335097
test-561 379 471 155.67915724335097
test-562 411 126 157.8860348479244
test-563 404 152 159.339260698674
test-564 400 419 168.4369318172235
test-565 405 474 153.97077644800004
test-566 401 141 161.80234856144702
test-567 399 455 162.628410802049
test-568 389 464 150.1998668441487
test-569 401 464 156.46085772486356
test-57 392 458 154.48300877442801
test-570 420 464 161.76217110313524
test-571 404 430 174.85136545077364
test-572 384 150 165.924681708298
test-573 406 188 170.64583206161234
test-574 410 160 156.37455035906578
test-575 404 157 158.17395487247578
test-576 414 161 158.36666315863323
test-577 399 464 142.464030548065
test-578 398 142 144.84129245487972
test-579 402 462 148.37789592793126
test-58 395 439 162.00308639035245
test-580 416 145 156.00961508830153
test-581 414 169 161.41561262777526
test-582 391 460 156.8438714135812
test-583 401 450 163.00920219423196
test-584 398 441 164.04877323527901
test-585 385 163 156.72906558772053
test-586 409 164 153.84082683085137
test-587 392 132 161.47755261955143
test-588 398 126 146.94556815365343
test-589 392 170 162.77591959500643
test-59 387 455 166.97305171793442
test-590 406 165 158.71987903221196
test-591 401 418 171.3942822850284
test-592 396 434 152.4204710660612
test-593 394 145 154.9967741599805
test-594 405 416 162.43152403397562
test-595 407 447 155.15153882575578
test-596 388 137 147.87832836490952
test-597 399 146 171.98837169994954
test-598 398 188 167.9374883699289
test-599 409 451 164.6359620496081
test-6 410 196 173.08957218735046
test-60 395 190 175.71283390805579
test-600 395 160 172.99710980244728
test-601 400 435 166.00903589865223
test-602 399 444 162.628410802049
test-603 406 143 152.07892687680302
test-604 399 418 179.5995545651492
test-605 389 449 156.31698564135633
test-606 410 132 158.9842759520576
test-607 411 478 141.6474496770062
test-608 392 449 168.52299546352717
test-609 399 457 149.3987951758648
test-61 400 431 172.84386017443606
test-610 399 416 171.30090484291085
test-611 397 123 142.99650345375582
test-612 415 149 150.99668870541498
test-613 396 415 169.57594168985176
test-614 410 442 158.86786962756187
test-615 391 169 170.59601402143016
test-616 389 480 152.97058540778355
test-617 391 136 154.79341071247185
test-618 393 446 160.85707942145413
test-619 396 162 164.19805114556019
test-62 405 167 170.1293625450939
test-620 409 417 161.86105152259452
test-621 401 435 162.3329911016242
test-622 402 178 164.80594649465777
test-623 403 126 148.6640507991088
test-624 415 143 152.2005256232711
test-625 404 159 160.0624877977348
test-626 403 144 160.99689437998487
test-627 403 465 161.80234856144702
test-628 397 458 150.5988047761336
test-629 409 469 145.722338713047
test-63 395 178 162.24980739587951
test-630 389 452 161.2327510154187
test-631 394 449 158.02847844613325
test-632 397 423 162.61918705983007
test-633 387 431 162.77591959500643
test-634 396 128 148.43180252223578
test-635 398 125 160.20299622666238
test-636 411 145 145.9143584435747
test-637 412 140 157.18778578502847
test-638 400 472 160.3901493234544
test-639 402 461 142.99650345375582
test-64 397 431 166.14451540752106
test-640 394 422 171.44386836512993
test-641 397 443 153.3101431738944
test-642 395 443 156.55989269286053
test-643 393 412 172.4760852988031
test-644 394 394 153.04901175767193
test-645 391 476 158.98742088605627
test-646 400 468 157.74346262206873
test-647 388 458 145.94862109660372
test-648 395 187 167.1855256892773
test-649 406 181 170.01470524634038
test-65 401 437 160.74825037928096
test-650 403 118 150.99668870541498
test-651 389 461 164.99696966914271
test-652 386 135 152.79070652366264
test-653 401 140 158.79231719450408
test-654 404 160 155.2063143045411
test-655 397 462 156.07690412101337
test-656 413 142 149.4824404403407
test-657 406 449 124.16118556135005
test-658 399 480 142.828568570857
test-659 392 434 158.53075411414656
test-66 394 162 144.22205101855957
test-660 419 441 154.6770829825802
test-661 389 474 145.12063946937388
test-662 396 129 153.97077644800004
test-663 402 432 164.74222288168872
test-664 400 432 165.76187740249566
test-665 400 134 143.99652773591453
test-666 403 397 171.18411141224527
test-667 399 467 138.19189556555045
test-668 405 415 168.0
test-669 392 129 138.63982111933063
test-67 402 149 172.72811004581737
test-670 409 173 164.96363235574077
test-671 395 170 151.15554902152948
test-672 398 151 159.5650337636664
test-673 405 459 159.79987484350542
test-674 398 448 160.63312236273066
test-675 418 148 166.14451540752106
test-676 404 130 161.55494421403512
test-677 417 150 150.8476052179815
test-678 405 469 153.97077644800004
test-679 388 453 162.80356261458164
test-68 387 446 149.79986648859204
test-680 399 450 154.41178711484432
test-681 383 125 155.0
test-682 419 150 133.94028520202576
test-683 393 180 164.46276174259023
test-684 397 435 157.71810295587505
test-685 413 151 148.6640507991088
test-686 409 458 157.92086625902226
test-687 399 170 159.00628918379297
test-688 406 129 140.99645385611655
test-689 386 137 171.85749910900017
test-69 405 120 150.34959261667456
test-690 390 141 139.71041478715895
test-691 402 168 163.68567438844488
test-692 395 464 155.9967948388684
test-693 404 153 168.14279645586961
test-694 397 434 162.24980739587951
test-695 394 425 157.70542159355207
test-696 395 421 163.65818036383027
test-697 389 459 148.48568954616468
test-698 403 472 135.70187913216236
test-699 386 143 141.6474496770062
test-7 398 454 148.96979559628858
test-70 401 150 170.64583206161234
test-700 400 445 166.35804759614126
test-701 399 141 156.14416415607724
test-702 403 171 166.388100536066
test-703 399 441 160.21547990128795
test-704 398 172 167.14065932620943
test-705 404 133 153.3623161014465
test-706 393 125 160.92234151913152
test-707 401 400 163.63068171953572
test-708 392 120 147.3363498937041
test-709 393 471 161.80234856144702
test-71 392 452 165.81616326522575
test-710 404 157 156.41291506777821
test-711 388 434 148.91608375189028
test-712 396 455 165.89153082662176
test-713 393 451 159.00628918379297
test-714 395 471 142.71650219929018
test-715 402 145 168.6030841948035
test-716 402 150 140.95744038538726
test-717 392 454 165.1151113617406
test-718 400 437 166.15655268450897
test-719 406 439 154.6770829825802
test-72 390 119 150.2531197679436
test-720 399 453 155.72090418437725
test-721 382 141 146.88771221582832
test-722 409 423 158.41401453154327
test-723 392 471 151.60145118038943
test-724 417 452 166.56830430787244
test-725 392 459 148.0168909280289
test-726 381 466 162.9969324864735
test-727 397 177 174.28425057933376
test-728 399 468 157.97784654817903
test-729 404 454 154.8709139896837
test-73 383 121 136.4734406395618
test-730 395 122 156.97133496278866
test-731 383 458 175.99715906798042
test-732 397 451 155.61169621850408
test-733 384 443 154.85477067239486
test-734 407 142 133.67497896016292
test-735 405 453 137.7679207943562
test-736 400 461 158.97169559390125
test-737 402 146 141.59449141827517
test-738 407 446 158.17395487247578
test-739 400 442 162.30834852218786
test-74 408 181 165.6743794314619
test-740 403 201 170.82447131485583
test-741 395 446 157.4166446091391
test-742 407 166 165.0242406436097
test-743 400 204 177.31046218427159
test-744 403 154 163.65818036383027
test-745 403 431 169.1005617968196
test-746 402 462 166.75730868540666
test-747 404 437 163.95121225535357
test-748 416 432 168.89345754054537
test-749 404 170 166.0963575759565
test-75 410 142 149.79986648859204
test-750 391 462 163.89020715100705
test-751 402 463 158.29087149927503
test-752 412 466 158.26559954709046
test-753 408 159 163.3278910657944
test-754 402 131 154.88382743204662
test-755 398 443 149.03355326905415
test-756 401 126 147.9864858694874
test-757 398 127 155.9487095169434
test-758 385 432 155.53777676178865
test-759 394 137 162.48076809271922
test-76 394 429 164.2224101637776
test-760 399 400 172.21788525005178
test-761 398 121 152.9477034806342
test-762 397 437 168.7483333251028
test-763 407 416 161.10865898517062
test-764 389 125 150.2497920131672
test-765 396 429 168.7483333251028
test-766 387 153 155.17409577632472
test-767 406 429 147.42116537322585
test-768 391 470 148.8052418431555
test-769 399 117 150.99668870541498
test-77 410 436 182.1647605877712
test-770 397 167 169.1005617968196
test-771 404 152 157.53094934012174
test-772 392 459 137.77155003846042
test-773 416 427 162.628410802049
test-774 406 455 170.64583206161234
test-775 398 187 171.89240820932145
test-776 402 160 150.80782473068166
test-777 407 162 165.02121075789015
test-778 406 437 154.27248620541513
test-779 399 141 166.4181480488231
test-78 394 176 165.91564121564912
test-780 381 456 136.74794331177344
test-781 377 131 150.2497920131672
test-782 412 466 160.91301998284663
test-783 400 441 155.746589047722
test-784 402 115 152.97058540778355
test-785 396 176 174.02298698735177
test-786 395 155 157.48015748023622
test-787 397 142 165.924681708298
test-788 393 186 170.19988249114627
test-789 399 450 157.61662348876783
test-79 398 152 161.35364885864837
test-790 406 151 167.5708805252273
test-791 409 128 152.79070652366264
test-792 408 438 166.80527569594435
test-793 400 140 157.4960316960399
test-794 401 115 135.0
test-795 416 165 159.38632312717425
test-796 383 476 156.8438714135812
test-797 406 155 154.36644713149292
test-798 399 169 158.29087149927503
test-799 403 171 160.8477541030648
test-8 401 158 156.23059879549845
test-80 410 458 170.85666507338834
test-800 394 457 161.99691355084516
test-801 408 429 157.23549217654391
test-802 388 400 171.62459031269384
test-803 395 137 148.59340496805368
test-804 396 141 142.74102423620198
test-805 402 128 153.99675321252718
test-806 402 463 132.9962405483704
test-807 418 138 161.88885075878449
test-808 390 460 149.61617559608987
test-809 419 443 173.8591383850731
test-81 393 464 152.0526224699857
test-810 395 140 166.8921807635097
test-811 396 160 171.70905625505023
test-812 396 464 168.16658407662325
test-813 390 436 148.1046927008054
test-814 400 156 169.89408465276242
test-815 403 466 159.20113064925135
test-816 404 140 147.9019945774904
test-817 406 120 124.23767544509194
test-818 424 469 143.96874660842192
test-819 395 437 168.23792675850473
test-82 399 171 169.7056274847714
test-820 400 151 162.8987415543779
test-821 408 435 156.26899884494046
test-822 400 135 162.93863875704866
test-823 387 441 152.58767971235423
test-824 408 446 168.44880527923016
test-825 393 131 150.99668870541498
test-826 378 446 137.99637676402958
test-827 391 154 149.66629547095766
test-828 388 466 161.2327510154187
test-829 408 461 155.84607791022526
test-83 403 153 164.26502975374888
test-830 397 154 165.40858502508266
test-831 402 147 152.6302722267113
test-832 403 152 165.46600859391032
test-833 407 129 170.7629936490925
test-834 414 160 159.04716281656835
test-835 385 136 151.44305860619693
test-836 385 153 149.96999699939985
test-837 401 433 166.7243233604503
test-838 401 177 162.88646352597874
test-839 391 156 156.19218930535547
test-84 388 127 159.9874995116806
test-840 405 446 166.7003299336867
test-841 398 463 155.79473675320358
test-842 398 140 154.8386256720202
test-843 408 471 150.41608956491322
test-844 399 459 152.26293048539424
test-845 401 173 176.32073048850495
test-846 397 462 161.641578809414
test-847 404 465 146.77533852796932
test-848 403 448 156.20499351813308
test-849 393 435 158.39191898578665
test-85 395 432 167.78557744931476
test-850 406 162 155.67594547649293
test-851 394 479 162.9969324864735
test-852 400 473 152.8397853963424
test-853 399 401 164.730082255792
test-854 407 163 160.0
test-855 402 176 169.34284750174717
test-856 386 154 147.98986451781082
test-857 386 145 154.14279094398154
test-858 398 422 158.36666315863323
test-859 411 439 156.23059879549845
test-86 405 136 140.99645385611655
test-860 400 428 160.3901493234544
test-861 412 130 123.51113310143342
test-862 408 131 164.0
test-863 404 187 167.40370366273262
test-864 408 133 162.77591959500643
test-865 390 443 151.9374871452072
test-866 401 136 141.6156770982648
test-867 408 449 155.17409577632472
test-868 405 462 154.14279094398154
test-869 393 435 167.51119365582707
test-87 414 464 143.16424134538624
test-870 395 135 147.72609789742637
test-871 415 440 163.89020715100705
test-872 396 148 160.59887919907786
test-873 396 439 157.08278072405008
test-874 398 448 157.6832267554162
test-875 407 464 151.7333186877556
test-876 407 450 162.51769134466562
test-877 376 460 152.0
test-878 399 168 166.41213898030395
test-879 396 161 170.82447131485583
test-88 418 141 162.30834852218786
test-880 390 472 152.6728528586533
test-881 401 449 147.5127113166862
test-882 416 443 166.98802352264667
test-883 401 478 157.8860348479244
test-884 400 133 149.78651474682226
test-885 401 133 133.51029922818688
test-886 412 463 145.1895313030523
test-887 412 436 142.492105044455
test-888 396 417 173.30031736843415
test-889 402 461 159.1979899370592
test-89 386 455 150.42273764295078
test-890 389 437 165.4780952271327
test-891 401 441 163.24521432495348
test-892 401 428 154.6091847207015
test-893 391 143 143.4119939196161
test-894 399 156 161.10865898517062
test-895 390 465 157.48015748023622
test-896 402 170 162.48076809271922
test-897 405 181 166.66433331699977
test-898 409 478 161.62611175178347
test-899 396 124 148.87914561818255
test-9 401 456 159.1979899370592
test-90 403 141 165.85234396896536
test-900 406 157 161.24515496597098
test-901 402 436 166.14451540752106
test-902 397 150 149.61617559608987
test-903 410 128 159.68719422671313
test-904 406 470 149.79986648859204
test-905 400 168 165.98795136997143
test-906 418 450 148.02702455970666
test-907 405 409 166.97305171793442
test-908 400 188 178.60291151042304
test-909 408 450 161.2234474262351
test-91 394 449 168.0714133932359
test-910 416 434 155.1773179301666
test-911 382 126 145.78065715313537
test-912 405 118 135.6318546654878
test-913 397 412 157.3276835143771
test-914 412 130 155.45738966031817
test-915 405 432 165.1211676315305
test-916 397 435 169.55530071336608
test-917 404 449 156.7258753365251
test-918 403 155 163.34013591276334
test-919 404 118 153.88307249337075
test-92 413 470 165.97288935244816
test-920 395 431 164.41411131651688
test-921 407 131 157.17824276915684
test-922 392 127 152.6728528586533
test-923 418 129 143.66627996854376
test-924 401 153 154.11359446849588
test-925 388 456 149.248115565993
test-926 399 174 157.94619336976754
test-927 391 165 150.76140089558734
test-928 395 432 172.68468374467957
test-929 397 431 171.91567700474556
test-93 387 467 148.51599240485854
test-930 405 448 158.98742088605627
test-931 408 479 130.61776295741709
test-932 390 121 141.573302567963
test-933 382 149 157.60710643876436
test-934 416 177 160.8477541030648
test-935 406 170 157.48015748023622
test-936 413 174 158.7986146035286
test-937 417 474 152.82342752340034
test-938 385 478 157.28636304524306
test-939 399 151 158.50867484147358
test-94 399 421 160.86329600005092
test-940 402 161 164.39282222773596
test-941 405 145 163.38910612400082
test-942 396 156 149.92998365904
test-943 398 433 167.80941570722425
test-944 406 457 158.99685531481433
test-945 385 466 162.30834852218786
test-946 404 128 140.43859868284076
test-947 400 439 166.94909403767366
test-948 391 448 159.62455951387932
test-949 384 149 137.56089560627322
test-95 397 148 166.94909403767366
test-950 384 131 162.9723902997069
test-951 392 161 157.60710643876436
test-952 369 475 155.58920271021378
test-953 413 131 146.9693845669907
test-954 394 432 145.36505769957236
test-955 411 183 170.64583206161234
test-956 402 155 166.75730868540666
test-957 400 440 156.9872606296447
test-958 391 127 138.09779143780685
test-959 396 127 159.54936540143305
test-96 395 476 155.61169621850408
test-960 388 449 151.61464309228182
test-961 406 453 161.04347239177378
test-962 390 159 155.88457268119896
test-963 397 428 173.49063375294932
test-964 411 460 159.2953232207399
test-965 389 133 157.08278072405008
test-966 400 459 162.5576820700886
test-967 385 450 167.98809481626964
test-968 404 430 162.13882940245992
test-969 415 130 150.94701056993478
test-97 390 466 146.424041741785
test-970 405 447 164.6329250180534
test-971 395 154 166.2558269655533
test-972 408 119 147.83436677579405
test-973 403 428 169.7910480561328
test-974 397 121 140.57026712644463
test-975 408 478 153.98701243936125
test-976 395 429 157.46428166412852
test-977 393 464 158.19292019556374
test-978 401 166 166.35804759614126
test-979 399 152 144.81712605904042
test-98 413 459 149.79986648859204
test-980 394 167 166.85322891691368
test-981 413 122 150.6784656146989
test-982 401 144 158.74507866387543
test-983 401 416 174.24121211699602
test-984 404 155 166.92513291892266
test-985 409 465 146.9693845669907
test-986 395 136 162.9232948353304
test-987 392 470 168.89345754054537
test-988 390 416 170.53738593047566
test-989 389 442 157.4960316960399
test-99 408 456 135.9521974813206
test-990 400 441 165.73472780319761
test-991 399 150 162.9018109168833
test-992 413 398 168.98520645310938
test-993 413 132 158.38244852255568
test-994 392 428 164.97272501841024
test-995 399 474 148.91608375189028
test-996 402 159 171.84877072589143
test-997 414 474 144.99655168313487
test-998 397 475 146.90132742763083
test-999 382 489 113.3666617661471
